Arguments: 
  C:\Program Files\nodejs\node.exe C:\Users\yaild\AppData\Roaming\npm\node_modules\yarn\bin\yarn.js add react-chat-engine

PATH: 
  C:\Program Files (x86)\Intel\iCLS Client\;C:\Program Files\Intel\iCLS Client\;C:\Windows\system32;C:\Windows;C:\Windows\System32\Wbem;C:\Windows\System32\WindowsPowerShell\v1.0\;C:\Windows\System32\OpenSSH\;C:\Program Files\nodejs\;C:\Program Files\Git\cmd;C:\Program Files (x86)\Intel\Intel(R) Management Engine Components\DAL;C:\Program Files\Intel\Intel(R) Management Engine Components\DAL;C:\Program Files (x86)\Intel\Intel(R) Management Engine Components\IPT;C:\Program Files\Intel\Intel(R) Management Engine Components\IPT;C:\Users\yaild\AppData\Local\Microsoft\WindowsApps;C:\Users\yaild\AppData\Local\Programs\Microsoft VS Code\bin;C:\Users\yaild\AppData\Roaming\npm;C:\Users\yaild\AppData\Local\GitHubDesktop\bin

Yarn version: 
  1.22.10

Node version: 
  14.15.1

Platform: 
  win32 x64

Trace: 
  Error: https://registry.yarnpkg.com/@fortawesome/free-brands-svg-icons/-/free-brands-svg-icons-5.15.3.tgz: ESOCKETTIMEDOUT
      at ClientRequest.<anonymous> (C:\Users\yaild\AppData\Roaming\npm\node_modules\yarn\lib\cli.js:141289:19)
      at Object.onceWrapper (events.js:421:28)
      at ClientRequest.emit (events.js:315:20)
      at TLSSocket.emitRequestTimeout (_http_client.js:784:9)
      at Object.onceWrapper (events.js:421:28)
      at TLSSocket.emit (events.js:327:22)
      at TLSSocket.Socket._onTimeout (net.js:483:8)
      at listOnTimeout (internal/timers.js:554:17)
      at processTimers (internal/timers.js:497:7)

npm manifest: 
  {
    "name": "social-network",
    "version": "0.1.0",
    "private": true,
    "dependencies": {
      "@fortawesome/fontawesome-svg-core": "^1.2.26",
      "@fortawesome/free-brands-svg-icons": "^5.12.0",
      "@fortawesome/free-solid-svg-icons": "^5.12.0",
      "@fortawesome/react-fontawesome": "^0.1.8",
      "axios": "^0.19.0",
      "react": "^16.8.4",
      "react-dom": "^16.8.4",
      "react-redux": "^7.1.3",
      "react-router-dom": "^5.0.0",
      "react-scripts": "2.1.8",
      "redux": "^4.0.4"
    },
    "scripts": {
      "start": "react-scripts start",
      "build": "react-scripts build",
      "test": "react-scripts test",
      "eject": "react-scripts eject"
    },
    "eslintConfig": {
      "extends": "react-app"
    },
    "browserslist": [
      ">0.2%",
      "not dead",
      "not ie <= 11",
      "not op_mini all"
    ]
  }

yarn manifest: 
  No manifest

Lockfile: 
  No lockfile
